# JRE version: OpenJDK Runtime Environment (11.0.21+9) (build 11.0.21+9-post-Ubuntu-0ubuntu122.04)
# Java VM: OpenJDK 64-Bit Server VM (11.0.21+9-post-Ubuntu-0ubuntu122.04, mixed mode, sharing, tiered, compressed oops, g1 gc, linux-amd64)
Heap:
 garbage-first heap   total 128000K, used 66561K [0x00000000c1400000, 0x0000000100000000)
  region size 1024K, 24 young (24576K), 7 survivors (7168K)
 Metaspace       used 25720K, capacity 27006K, committed 27136K, reserved 1073152K
  class space    used 3440K, capacity 4053K, committed 4096K, reserved 1048576K
GC Heap History (20 events):
Event: 9.844 GC heap before
{Heap before GC invocations=11 (full 0):
 garbage-first heap   total 106496K, used 73957K [0x00000000c1400000, 0x0000000100000000)
  region size 1024K, 44 young (45056K), 3 survivors (3072K)
 Metaspace       used 16679K, capacity 18388K, committed 18560K, reserved 1064960K
  class space    used 1930K, capacity 2175K, committed 2176K, reserved 1048576K
}
Event: 9.852 GC heap after
{Heap after GC invocations=12 (full 0):
 garbage-first heap   total 106496K, used 32636K [0x00000000c1400000, 0x0000000100000000)
  region size 1024K, 3 young (3072K), 3 survivors (3072K)
 Metaspace       used 16679K, capacity 18388K, committed 18560K, reserved 1064960K
  class space    used 1930K, capacity 2175K, committed 2176K, reserved 1048576K
}
Event: 10.057 GC heap before
{Heap before GC invocations=12 (full 0):
 garbage-first heap   total 106496K, used 76668K [0x00000000c1400000, 0x0000000100000000)
  region size 1024K, 46 young (47104K), 3 survivors (3072K)
 Metaspace       used 16726K, capacity 18490K, committed 18688K, reserved 1064960K
  class space    used 1944K, capacity 2245K, committed 2304K, reserved 1048576K
}
Event: 10.066 GC heap after
{Heap after GC invocations=13 (full 0):
 garbage-first heap   total 106496K, used 33677K [0x00000000c1400000, 0x0000000100000000)
  region size 1024K, 4 young (4096K), 4 survivors (4096K)
 Metaspace       used 16726K, capacity 18490K, committed 18688K, reserved 1064960K
  class space    used 1944K, capacity 2245K, committed 2304K, reserved 1048576K
}
Event: 10.271 GC heap before
{Heap before GC invocations=13 (full 0):
 garbage-first heap   total 106496K, used 77709K [0x00000000c1400000, 0x0000000100000000)
  region size 1024K, 47 young (48128K), 4 survivors (4096K)
 Metaspace       used 16743K, capacity 18600K, committed 18688K, reserved 1064960K
  class space    used 1950K, capacity 2279K, committed 2304K, reserved 1048576K
}
Event: 10.282 GC heap after
{Heap after GC invocations=14 (full 0):
 garbage-first heap   total 106496K, used 34297K [0x00000000c1400000, 0x0000000100000000)
  region size 1024K, 3 young (3072K), 3 survivors (3072K)
 Metaspace       used 16743K, capacity 18600K, committed 18688K, reserved 1064960K
  class space    used 1950K, capacity 2279K, committed 2304K, reserved 1048576K
}
Event: 10.571 GC heap before
{Heap before GC invocations=14 (full 0):
 garbage-first heap   total 106496K, used 79353K [0x00000000c1400000, 0x0000000100000000)
  region size 1024K, 47 young (48128K), 3 survivors (3072K)
 Metaspace       used 17136K, capacity 19008K, committed 19072K, reserved 1067008K
  class space    used 2017K, capacity 2391K, committed 2432K, reserved 1048576K
}
Event: 10.582 GC heap after
{Heap after GC invocations=15 (full 0):
 garbage-first heap   total 106496K, used 35602K [0x00000000c1400000, 0x0000000100000000)
  region size 1024K, 5 young (5120K), 5 survivors (5120K)
 Metaspace       used 17136K, capacity 19008K, committed 19072K, reserved 1067008K
  class space    used 2017K, capacity 2391K, committed 2432K, reserved 1048576K
}
Event: 10.772 GC heap before
{Heap before GC invocations=15 (full 0):
 garbage-first heap   total 106496K, used 80658K [0x00000000c1400000, 0x0000000100000000)
  region size 1024K, 49 young (50176K), 5 survivors (5120K)
 Metaspace       used 17172K, capacity 19107K, committed 19456K, reserved 1067008K
  class space    used 2030K, capacity 2460K, committed 2560K, reserved 1048576K
}
Event: 10.781 GC heap after
{Heap after GC invocations=16 (full 0):
 garbage-first heap   total 106496K, used 36619K [0x00000000c1400000, 0x0000000100000000)
  region size 1024K, 5 young (5120K), 5 survivors (5120K)
 Metaspace       used 17172K, capacity 19107K, committed 19456K, reserved 1067008K
  class space    used 2030K, capacity 2460K, committed 2560K, reserved 1048576K
}
Event: 10.957 GC heap before
{Heap before GC invocations=16 (full 0):
 garbage-first heap   total 106496K, used 81675K [0x00000000c1400000, 0x0000000100000000)
  region size 1024K, 49 young (50176K), 5 survivors (5120K)
 Metaspace       used 17225K, capacity 19271K, committed 19456K, reserved 1067008K
  class space    used 2045K, capacity 2528K, committed 2560K, reserved 1048576K
}
Event: 10.965 GC heap after
{Heap after GC invocations=17 (full 0):
 garbage-first heap   total 106496K, used 37221K [0x00000000c1400000, 0x0000000100000000)
  region size 1024K, 4 young (4096K), 4 survivors (4096K)
 Metaspace       used 17225K, capacity 19271K, committed 19456K, reserved 1067008K
  class space    used 2045K, capacity 2528K, committed 2560K, reserved 1048576K
}
Event: 11.180 GC heap before
{Heap before GC invocations=17 (full 0):
 garbage-first heap   total 106496K, used 83301K [0x00000000c1400000, 0x0000000100000000)
  region size 1024K, 49 young (50176K), 4 survivors (4096K)
 Metaspace       used 17246K, capacity 19323K, committed 19584K, reserved 1067008K
  class space    used 2052K, capacity 2563K, committed 2688K, reserved 1048576K
}
Event: 11.188 GC heap after
{Heap after GC invocations=18 (full 0):
 garbage-first heap   total 128000K, used 38154K [0x00000000c1400000, 0x0000000100000000)
  region size 1024K, 4 young (4096K), 4 survivors (4096K)
 Metaspace       used 17246K, capacity 19323K, committed 19584K, reserved 1067008K
  class space    used 2052K, capacity 2563K, committed 2688K, reserved 1048576K
}
Event: 11.629 GC heap before
{Heap before GC invocations=18 (full 0):
 garbage-first heap   total 128000K, used 90378K [0x00000000c1400000, 0x0000000100000000)
  region size 1024K, 55 young (56320K), 4 survivors (4096K)
 Metaspace       used 18367K, capacity 20294K, committed 20608K, reserved 1067008K
  class space    used 2220K, capacity 2818K, committed 2944K, reserved 1048576K
}
Event: 11.639 GC heap after
{Heap after GC invocations=19 (full 0):
 garbage-first heap   total 128000K, used 40335K [0x00000000c1400000, 0x0000000100000000)
  region size 1024K, 5 young (5120K), 5 survivors (5120K)
 Metaspace       used 18367K, capacity 20294K, committed 20608K, reserved 1067008K
  class space    used 2220K, capacity 2818K, committed 2944K, reserved 1048576K
}
Event: 12.076 GC heap before
{Heap before GC invocations=19 (full 0):
 garbage-first heap   total 128000K, used 55695K [0x00000000c1400000, 0x0000000100000000)
  region size 1024K, 18 young (18432K), 5 survivors (5120K)
 Metaspace       used 19299K, capacity 21100K, committed 21248K, reserved 1067008K
  class space    used 2367K, capacity 2956K, committed 3072K, reserved 1048576K
}
Event: 12.088 GC heap after
{Heap after GC invocations=20 (full 0):
 garbage-first heap   total 128000K, used 46280K [0x00000000c1400000, 0x0000000100000000)
  region size 1024K, 7 young (7168K), 7 survivors (7168K)
 Metaspace       used 19299K, capacity 21100K, committed 21248K, reserved 1067008K
  class space    used 2367K, capacity 2956K, committed 3072K, reserved 1048576K
}
Event: 13.422 GC heap before
{Heap before GC invocations=21 (full 0):
 garbage-first heap   total 128000K, used 95432K [0x00000000c1400000, 0x0000000100000000)
  region size 1024K, 56 young (57344K), 7 survivors (7168K)
 Metaspace       used 22915K, capacity 24547K, committed 24704K, reserved 1071104K
  class space    used 3031K, capacity 3642K, committed 3712K, reserved 1048576K
}
Event: 13.439 GC heap after
{Heap after GC invocations=22 (full 0):
 garbage-first heap   total 128000K, used 51201K [0x00000000c1400000, 0x0000000100000000)
  region size 1024K, 7 young (7168K), 7 survivors (7168K)
 Metaspace       used 22915K, capacity 24547K, committed 24704K, reserved 1071104K
  class space    used 3031K, capacity 3642K, committed 3712K, reserved 1048576K
}

