# JRE version: OpenJDK Runtime Environment (11.0.21+9) (build 11.0.21+9-post-Ubuntu-0ubuntu122.04)
# Java VM: OpenJDK 64-Bit Server VM (11.0.21+9-post-Ubuntu-0ubuntu122.04, mixed mode, sharing, tiered, compressed oops, g1 gc, linux-amd64)
Heap:
 garbage-first heap   total 204800K, used 63281K [0x00000000c1400000, 0x0000000100000000)
  region size 1024K, 27 young (27648K), 9 survivors (9216K)
 Metaspace       used 21056K, capacity 22806K, committed 23040K, reserved 1069056K
  class space    used 2664K, capacity 3250K, committed 3328K, reserved 1048576K
GC Heap History (20 events):
Event: 9.523 GC heap before
{Heap before GC invocations=10 (full 0):
 garbage-first heap   total 81920K, used 61988K [0x00000000c1400000, 0x0000000100000000)
  region size 1024K, 35 young (35840K), 4 survivors (4096K)
 Metaspace       used 16547K, capacity 18070K, committed 18304K, reserved 1064960K
  class space    used 1906K, capacity 2100K, committed 2176K, reserved 1048576K
}
Event: 9.531 GC heap after
{Heap after GC invocations=11 (full 0):
 garbage-first heap   total 81920K, used 31339K [0x00000000c1400000, 0x0000000100000000)
  region size 1024K, 4 young (4096K), 4 survivors (4096K)
 Metaspace       used 16547K, capacity 18070K, committed 18304K, reserved 1064960K
  class space    used 1906K, capacity 2100K, committed 2176K, reserved 1048576K
}
Event: 9.700 GC heap before
{Heap before GC invocations=11 (full 0):
 garbage-first heap   total 81920K, used 63083K [0x00000000c1400000, 0x0000000100000000)
  region size 1024K, 35 young (35840K), 4 survivors (4096K)
 Metaspace       used 16672K, capacity 18269K, committed 18560K, reserved 1064960K
  class space    used 1919K, capacity 2139K, committed 2176K, reserved 1048576K
}
Event: 9.708 GC heap after
{Heap after GC invocations=12 (full 0):
 garbage-first heap   total 81920K, used 31857K [0x00000000c1400000, 0x0000000100000000)
  region size 1024K, 3 young (3072K), 3 survivors (3072K)
 Metaspace       used 16672K, capacity 18269K, committed 18560K, reserved 1064960K
  class space    used 1919K, capacity 2139K, committed 2176K, reserved 1048576K
}
Event: 9.930 GC heap before
{Heap before GC invocations=12 (full 0):
 garbage-first heap   total 81920K, used 64625K [0x00000000c1400000, 0x0000000100000000)
  region size 1024K, 35 young (35840K), 3 survivors (3072K)
 Metaspace       used 16728K, capacity 18389K, committed 18560K, reserved 1064960K
  class space    used 1930K, capacity 2175K, committed 2176K, reserved 1048576K
}
Event: 9.939 GC heap after
{Heap after GC invocations=13 (full 0):
 garbage-first heap   total 81920K, used 32451K [0x00000000c1400000, 0x0000000100000000)
  region size 1024K, 3 young (3072K), 3 survivors (3072K)
 Metaspace       used 16728K, capacity 18389K, committed 18560K, reserved 1064960K
  class space    used 1930K, capacity 2175K, committed 2176K, reserved 1048576K
}
Event: 10.101 GC heap before
{Heap before GC invocations=13 (full 0):
 garbage-first heap   total 81920K, used 65219K [0x00000000c1400000, 0x0000000100000000)
  region size 1024K, 35 young (35840K), 3 survivors (3072K)
 Metaspace       used 16777K, capacity 18491K, committed 18688K, reserved 1064960K
  class space    used 1944K, capacity 2245K, committed 2304K, reserved 1048576K
}
Event: 10.106 GC heap after
{Heap after GC invocations=14 (full 0):
 garbage-first heap   total 81920K, used 33425K [0x00000000c1400000, 0x0000000100000000)
  region size 1024K, 4 young (4096K), 4 survivors (4096K)
 Metaspace       used 16777K, capacity 18491K, committed 18688K, reserved 1064960K
  class space    used 1944K, capacity 2245K, committed 2304K, reserved 1048576K
}
Event: 10.233 GC heap before
{Heap before GC invocations=14 (full 0):
 garbage-first heap   total 81920K, used 65169K [0x00000000c1400000, 0x0000000100000000)
  region size 1024K, 35 young (35840K), 4 survivors (4096K)
 Metaspace       used 16777K, capacity 18491K, committed 18688K, reserved 1064960K
  class space    used 1944K, capacity 2245K, committed 2304K, reserved 1048576K
}
Event: 10.238 GC heap after
{Heap after GC invocations=15 (full 0):
 garbage-first heap   total 81920K, used 33441K [0x00000000c1400000, 0x0000000100000000)
  region size 1024K, 3 young (3072K), 3 survivors (3072K)
 Metaspace       used 16777K, capacity 18491K, committed 18688K, reserved 1064960K
  class space    used 1944K, capacity 2245K, committed 2304K, reserved 1048576K
}
Event: 10.402 GC heap before
{Heap before GC invocations=15 (full 0):
 garbage-first heap   total 81920K, used 66209K [0x00000000c1400000, 0x0000000100000000)
  region size 1024K, 35 young (35840K), 3 survivors (3072K)
 Metaspace       used 16861K, capacity 18720K, committed 19072K, reserved 1067008K
  class space    used 1964K, capacity 2316K, committed 2432K, reserved 1048576K
}
Event: 10.413 GC heap after
{Heap after GC invocations=16 (full 0):
 garbage-first heap   total 130048K, used 34421K [0x00000000c1400000, 0x0000000100000000)
  region size 1024K, 4 young (4096K), 4 survivors (4096K)
 Metaspace       used 16861K, capacity 18720K, committed 19072K, reserved 1067008K
  class space    used 1964K, capacity 2316K, committed 2432K, reserved 1048576K
}
Event: 10.888 GC heap before
{Heap before GC invocations=16 (full 0):
 garbage-first heap   total 130048K, used 92789K [0x00000000c1400000, 0x0000000100000000)
  region size 1024K, 61 young (62464K), 4 survivors (4096K)
 Metaspace       used 17205K, capacity 19058K, committed 19072K, reserved 1067008K
  class space    used 2023K, capacity 2426K, committed 2432K, reserved 1048576K
}
Event: 10.921 GC heap after
{Heap after GC invocations=17 (full 0):
 garbage-first heap   total 130048K, used 35796K [0x00000000c1400000, 0x0000000100000000)
  region size 1024K, 5 young (5120K), 5 survivors (5120K)
 Metaspace       used 17205K, capacity 19058K, committed 19072K, reserved 1067008K
  class space    used 2023K, capacity 2426K, committed 2432K, reserved 1048576K
}
Event: 11.289 GC heap before
{Heap before GC invocations=17 (full 0):
 garbage-first heap   total 130048K, used 101332K [0x00000000c1400000, 0x0000000100000000)
  region size 1024K, 69 young (70656K), 5 survivors (5120K)
 Metaspace       used 17268K, capacity 19264K, committed 19456K, reserved 1067008K
  class space    used 2043K, capacity 2528K, committed 2560K, reserved 1048576K
}
Event: 11.297 GC heap after
{Heap after GC invocations=18 (full 0):
 garbage-first heap   total 130048K, used 37256K [0x00000000c1400000, 0x0000000100000000)
  region size 1024K, 6 young (6144K), 6 survivors (6144K)
 Metaspace       used 17268K, capacity 19264K, committed 19456K, reserved 1067008K
  class space    used 2043K, capacity 2528K, committed 2560K, reserved 1048576K
}
Event: 11.612 GC heap before
{Heap before GC invocations=18 (full 0):
 garbage-first heap   total 130048K, used 103816K [0x00000000c1400000, 0x0000000100000000)
  region size 1024K, 71 young (72704K), 6 survivors (6144K)
 Metaspace       used 17313K, capacity 19370K, committed 19584K, reserved 1067008K
  class space    used 2057K, capacity 2597K, committed 2688K, reserved 1048576K
}
Event: 11.625 GC heap after
{Heap after GC invocations=19 (full 0):
 garbage-first heap   total 130048K, used 38357K [0x00000000c1400000, 0x0000000100000000)
  region size 1024K, 6 young (6144K), 6 survivors (6144K)
 Metaspace       used 17313K, capacity 19370K, committed 19584K, reserved 1067008K
  class space    used 2057K, capacity 2597K, committed 2688K, reserved 1048576K
}
Event: 13.199 GC heap before
{Heap before GC invocations=19 (full 0):
 garbage-first heap   total 130048K, used 83413K [0x00000000c1400000, 0x0000000100000000)
  region size 1024K, 49 young (50176K), 6 survivors (6144K)
 Metaspace       used 19355K, capacity 21101K, committed 21248K, reserved 1067008K
  class space    used 2367K, capacity 2956K, committed 3072K, reserved 1048576K
}
Event: 13.220 GC heap after
{Heap after GC invocations=20 (full 0):
 garbage-first heap   total 204800K, used 45873K [0x00000000c1400000, 0x0000000100000000)
  region size 1024K, 9 young (9216K), 9 survivors (9216K)
 Metaspace       used 19355K, capacity 21101K, committed 21248K, reserved 1067008K
  class space    used 2367K, capacity 2956K, committed 3072K, reserved 1048576K
}

