# JRE version: OpenJDK Runtime Environment (11.0.21+9) (build 11.0.21+9-post-Ubuntu-0ubuntu122.04)
# Java VM: OpenJDK 64-Bit Server VM (11.0.21+9-post-Ubuntu-0ubuntu122.04, mixed mode, sharing, tiered, compressed oops, g1 gc, linux-amd64)
Heap:
 garbage-first heap   total 154624K, used 72844K [0x00000000c1400000, 0x0000000100000000)
  region size 1024K, 31 young (31744K), 7 survivors (7168K)
 Metaspace       used 26229K, capacity 27525K, committed 27568K, reserved 1073152K
  class space    used 3441K, capacity 4053K, committed 4096K, reserved 1048576K
GC Heap History (20 events):
Event: 25.171 GC heap before
{Heap before GC invocations=10 (full 0):
 garbage-first heap   total 94208K, used 70633K [0x00000000c1400000, 0x0000000100000000)
  region size 1024K, 43 young (44032K), 4 survivors (4096K)
 Metaspace       used 17150K, capacity 18582K, committed 18816K, reserved 1067008K
  class space    used 1930K, capacity 2175K, committed 2176K, reserved 1048576K
}
Event: 25.178 GC heap after
{Heap after GC invocations=11 (full 0):
 garbage-first heap   total 94208K, used 31407K [0x00000000c1400000, 0x0000000100000000)
  region size 1024K, 4 young (4096K), 4 survivors (4096K)
 Metaspace       used 17150K, capacity 18582K, committed 18816K, reserved 1067008K
  class space    used 1930K, capacity 2175K, committed 2176K, reserved 1048576K
}
Event: 25.352 GC heap before
{Heap before GC invocations=11 (full 0):
 garbage-first heap   total 94208K, used 71343K [0x00000000c1400000, 0x0000000100000000)
  region size 1024K, 43 young (44032K), 4 survivors (4096K)
 Metaspace       used 17198K, capacity 18684K, committed 18944K, reserved 1067008K
  class space    used 1944K, capacity 2245K, committed 2304K, reserved 1048576K
}
Event: 25.358 GC heap after
{Heap after GC invocations=12 (full 0):
 garbage-first heap   total 94208K, used 32386K [0x00000000c1400000, 0x0000000100000000)
  region size 1024K, 5 young (5120K), 5 survivors (5120K)
 Metaspace       used 17198K, capacity 18684K, committed 18944K, reserved 1067008K
  class space    used 1944K, capacity 2245K, committed 2304K, reserved 1048576K
}
Event: 25.562 GC heap before
{Heap before GC invocations=12 (full 0):
 garbage-first heap   total 94208K, used 72322K [0x00000000c1400000, 0x0000000100000000)
  region size 1024K, 44 young (45056K), 5 survivors (5120K)
 Metaspace       used 17215K, capacity 18730K, committed 18944K, reserved 1067008K
  class space    used 1950K, capacity 2279K, committed 2304K, reserved 1048576K
}
Event: 25.571 GC heap after
{Heap after GC invocations=13 (full 0):
 garbage-first heap   total 94208K, used 32656K [0x00000000c1400000, 0x0000000100000000)
  region size 1024K, 3 young (3072K), 3 survivors (3072K)
 Metaspace       used 17215K, capacity 18730K, committed 18944K, reserved 1067008K
  class space    used 1950K, capacity 2279K, committed 2304K, reserved 1048576K
}
Event: 25.881 GC heap before
{Heap before GC invocations=13 (full 0):
 garbage-first heap   total 94208K, used 73616K [0x00000000c1400000, 0x0000000100000000)
  region size 1024K, 43 young (44032K), 3 survivors (3072K)
 Metaspace       used 17610K, capacity 19202K, committed 19328K, reserved 1067008K
  class space    used 2017K, capacity 2391K, committed 2432K, reserved 1048576K
}
Event: 25.888 GC heap after
{Heap after GC invocations=14 (full 0):
 garbage-first heap   total 94208K, used 33957K [0x00000000c1400000, 0x0000000100000000)
  region size 1024K, 4 young (4096K), 4 survivors (4096K)
 Metaspace       used 17610K, capacity 19202K, committed 19328K, reserved 1067008K
  class space    used 2017K, capacity 2391K, committed 2432K, reserved 1048576K
}
Event: 26.055 GC heap before
{Heap before GC invocations=14 (full 0):
 garbage-first heap   total 94208K, used 74917K [0x00000000c1400000, 0x0000000100000000)
  region size 1024K, 44 young (45056K), 4 survivors (4096K)
 Metaspace       used 17646K, capacity 19301K, committed 19456K, reserved 1067008K
  class space    used 2030K, capacity 2460K, committed 2560K, reserved 1048576K
}
Event: 26.062 GC heap after
{Heap after GC invocations=15 (full 0):
 garbage-first heap   total 94208K, used 35110K [0x00000000c1400000, 0x0000000100000000)
  region size 1024K, 4 young (4096K), 4 survivors (4096K)
 Metaspace       used 17646K, capacity 19301K, committed 19456K, reserved 1067008K
  class space    used 2030K, capacity 2460K, committed 2560K, reserved 1048576K
}
Event: 26.221 GC heap before
{Heap before GC invocations=15 (full 0):
 garbage-first heap   total 94208K, used 75046K [0x00000000c1400000, 0x0000000100000000)
  region size 1024K, 43 young (44032K), 4 survivors (4096K)
 Metaspace       used 17679K, capacity 19415K, committed 19712K, reserved 1067008K
  class space    used 2039K, capacity 2494K, committed 2560K, reserved 1048576K
}
Event: 26.230 GC heap after
{Heap after GC invocations=16 (full 0):
 garbage-first heap   total 113664K, used 35811K [0x00000000c1400000, 0x0000000100000000)
  region size 1024K, 4 young (4096K), 4 survivors (4096K)
 Metaspace       used 17679K, capacity 19415K, committed 19712K, reserved 1067008K
  class space    used 2039K, capacity 2494K, committed 2560K, reserved 1048576K
}
Event: 26.480 GC heap before
{Heap before GC invocations=16 (full 0):
 garbage-first heap   total 113664K, used 82915K [0x00000000c1400000, 0x0000000100000000)
  region size 1024K, 50 young (51200K), 4 survivors (4096K)
 Metaspace       used 17720K, capacity 19517K, committed 19840K, reserved 1067008K
  class space    used 2052K, capacity 2563K, committed 2688K, reserved 1048576K
}
Event: 26.491 GC heap after
{Heap after GC invocations=17 (full 0):
 garbage-first heap   total 113664K, used 36797K [0x00000000c1400000, 0x0000000100000000)
  region size 1024K, 5 young (5120K), 5 survivors (5120K)
 Metaspace       used 17720K, capacity 19517K, committed 19840K, reserved 1067008K
  class space    used 2052K, capacity 2563K, committed 2688K, reserved 1048576K
}
Event: 26.741 GC heap before
{Heap before GC invocations=17 (full 0):
 garbage-first heap   total 113664K, used 85949K [0x00000000c1400000, 0x0000000100000000)
  region size 1024K, 53 young (54272K), 5 survivors (5120K)
 Metaspace       used 17734K, capacity 19563K, committed 19840K, reserved 1067008K
  class space    used 2057K, capacity 2597K, committed 2688K, reserved 1048576K
}
Event: 26.762 GC heap after
{Heap after GC invocations=18 (full 0):
 garbage-first heap   total 113664K, used 37372K [0x00000000c1400000, 0x0000000100000000)
  region size 1024K, 4 young (4096K), 4 survivors (4096K)
 Metaspace       used 17734K, capacity 19563K, committed 19840K, reserved 1067008K
  class space    used 2057K, capacity 2597K, committed 2688K, reserved 1048576K
}
Event: 27.199 GC heap before
{Heap before GC invocations=18 (full 0):
 garbage-first heap   total 113664K, used 65020K [0x00000000c1400000, 0x0000000100000000)
  region size 1024K, 32 young (32768K), 4 survivors (4096K)
 Metaspace       used 19686K, capacity 21115K, committed 21296K, reserved 1067008K
  class space    used 2347K, capacity 2920K, committed 2944K, reserved 1048576K
}
Event: 27.210 GC heap after
{Heap after GC invocations=19 (full 0):
 garbage-first heap   total 113664K, used 39011K [0x00000000c1400000, 0x0000000100000000)
  region size 1024K, 5 young (5120K), 5 survivors (5120K)
 Metaspace       used 19686K, capacity 21115K, committed 21296K, reserved 1067008K
  class space    used 2347K, capacity 2920K, committed 2944K, reserved 1048576K
}
Event: 29.036 GC heap before
{Heap before GC invocations=20 (full 0):
 garbage-first heap   total 113664K, used 91235K [0x00000000c1400000, 0x0000000100000000)
  region size 1024K, 54 young (55296K), 5 survivors (5120K)
 Metaspace       used 22450K, capacity 23975K, committed 24240K, reserved 1071104K
  class space    used 2877K, capacity 3492K, committed 3584K, reserved 1048576K
}
Event: 29.056 GC heap after
{Heap after GC invocations=21 (full 0):
 garbage-first heap   total 154624K, used 49292K [0x00000000c1400000, 0x0000000100000000)
  region size 1024K, 7 young (7168K), 7 survivors (7168K)
 Metaspace       used 22450K, capacity 23975K, committed 24240K, reserved 1071104K
  class space    used 2877K, capacity 3492K, committed 3584K, reserved 1048576K
}
Deoptimization events (0 events):
No events

