# JRE version: OpenJDK Runtime Environment (11.0.21+9) (build 11.0.21+9-post-Ubuntu-0ubuntu122.04)
# Java VM: OpenJDK 64-Bit Server VM (11.0.21+9-post-Ubuntu-0ubuntu122.04, mixed mode, sharing, tiered, compressed oops, g1 gc, linux-amd64)
Heap:
 garbage-first heap   total 458752K, used 53528K [0x00000000c1400000, 0x0000000100000000)
  region size 1024K, 5 young (5120K), 1 survivors (1024K)
 Metaspace       used 26363K, capacity 27716K, committed 27900K, reserved 1073152K
  class space    used 3441K, capacity 4053K, committed 4172K, reserved 1048576K
GC Heap History (20 events):
Event: 37.763 GC heap before
{Heap before GC invocations=15 (full 0):
 garbage-first heap   total 186368K, used 86429K [0x00000000c1400000, 0x0000000100000000)
  region size 1024K, 58 young (59392K), 5 survivors (5120K)
 Metaspace       used 17309K, capacity 18857K, committed 18944K, reserved 1067008K
  class space    used 1950K, capacity 2279K, committed 2304K, reserved 1048576K
}
Event: 37.855 GC heap after
{Heap after GC invocations=16 (full 0):
 garbage-first heap   total 311296K, used 32740K [0x00000000c1400000, 0x0000000100000000)
  region size 1024K, 4 young (4096K), 4 survivors (4096K)
 Metaspace       used 17309K, capacity 18857K, committed 18944K, reserved 1067008K
  class space    used 1950K, capacity 2279K, committed 2304K, reserved 1048576K
}
Event: 40.479 GC heap before
{Heap before GC invocations=16 (full 0):
 garbage-first heap   total 311296K, used 92132K [0x00000000c1400000, 0x0000000100000000)
  region size 1024K, 62 young (63488K), 4 survivors (4096K)
 Metaspace       used 17724K, capacity 19378K, committed 19584K, reserved 1067008K
  class space    used 2023K, capacity 2426K, committed 2432K, reserved 1048576K
}
Event: 40.496 GC heap after
{Heap after GC invocations=17 (full 0):
 garbage-first heap   total 311296K, used 34581K [0x00000000c1400000, 0x0000000100000000)
  region size 1024K, 6 young (6144K), 6 survivors (6144K)
 Metaspace       used 17724K, capacity 19378K, committed 19584K, reserved 1067008K
  class space    used 2023K, capacity 2426K, committed 2432K, reserved 1048576K
}
Event: 42.639 GC heap before
{Heap before GC invocations=17 (full 0):
 garbage-first heap   total 311296K, used 101141K [0x00000000c1400000, 0x0000000100000000)
  region size 1024K, 71 young (72704K), 6 survivors (6144K)
 Metaspace       used 17815K, capacity 19542K, committed 19712K, reserved 1067008K
  class space    used 2039K, capacity 2494K, committed 2560K, reserved 1048576K
}
Event: 42.658 GC heap after
{Heap after GC invocations=18 (full 0):
 garbage-first heap   total 311296K, used 35359K [0x00000000c1400000, 0x0000000100000000)
  region size 1024K, 6 young (6144K), 6 survivors (6144K)
 Metaspace       used 17815K, capacity 19542K, committed 19712K, reserved 1067008K
  class space    used 2039K, capacity 2494K, committed 2560K, reserved 1048576K
}
Event: 44.393 GC heap before
{Heap before GC invocations=18 (full 0):
 garbage-first heap   total 311296K, used 121375K [0x00000000c1400000, 0x0000000100000000)
  region size 1024K, 90 young (92160K), 6 survivors (6144K)
 Metaspace       used 17876K, capacity 19754K, committed 20096K, reserved 1067008K
  class space    used 2057K, capacity 2597K, committed 2688K, reserved 1048576K
}
Event: 44.670 GC heap after
{Heap after GC invocations=19 (full 0):
 garbage-first heap   total 311296K, used 37180K [0x00000000c1400000, 0x0000000100000000)
  region size 1024K, 8 young (8192K), 8 survivors (8192K)
 Metaspace       used 17876K, capacity 19754K, committed 20096K, reserved 1067008K
  class space    used 2057K, capacity 2597K, committed 2688K, reserved 1048576K
}
Event: 50.710 GC heap before
{Heap before GC invocations=19 (full 0):
 garbage-first heap   total 311296K, used 66876K [0x00000000c1400000, 0x0000000100000000)
  region size 1024K, 38 young (38912K), 8 survivors (8192K)
 Metaspace       used 19613K, capacity 21215K, committed 21296K, reserved 1067008K
  class space    used 2316K, capacity 2911K, committed 2944K, reserved 1048576K
}
Event: 51.174 GC heap after
{Heap after GC invocations=20 (full 0):
 garbage-first heap   total 311296K, used 38867K [0x00000000c1400000, 0x0000000100000000)
  region size 1024K, 7 young (7168K), 7 survivors (7168K)
 Metaspace       used 19613K, capacity 21215K, committed 21296K, reserved 1067008K
  class space    used 2316K, capacity 2911K, committed 2944K, reserved 1048576K
}
Event: 55.664 GC heap before
{Heap before GC invocations=21 (full 0):
 garbage-first heap   total 311296K, used 49107K [0x00000000c1400000, 0x0000000100000000)
  region size 1024K, 15 young (15360K), 7 survivors (7168K)
 Metaspace       used 20516K, capacity 22086K, committed 22268K, reserved 1069056K
  class space    used 2465K, capacity 3052K, committed 3148K, reserved 1048576K
}
Event: 56.188 GC heap after
{Heap after GC invocations=22 (full 0):
 garbage-first heap   total 311296K, used 44483K [0x00000000c1400000, 0x0000000100000000)
  region size 1024K, 2 young (2048K), 2 survivors (2048K)
 Metaspace       used 20516K, capacity 22086K, committed 22268K, reserved 1069056K
  class space    used 2465K, capacity 3052K, committed 3148K, reserved 1048576K
}
Event: 57.566 GC heap before
{Heap before GC invocations=22 (full 0):
 garbage-first heap   total 311296K, used 57795K [0x00000000c1400000, 0x0000000100000000)
  region size 1024K, 15 young (15360K), 2 survivors (2048K)
 Metaspace       used 21623K, capacity 23179K, committed 23420K, reserved 1069056K
  class space    used 2661K, capacity 3246K, committed 3276K, reserved 1048576K
}
Event: 57.637 GC heap after
{Heap after GC invocations=23 (full 0):
 garbage-first heap   total 311296K, used 45523K [0x00000000c1400000, 0x0000000100000000)
  region size 1024K, 1 young (1024K), 1 survivors (1024K)
 Metaspace       used 21623K, capacity 23179K, committed 23420K, reserved 1069056K
  class space    used 2661K, capacity 3246K, committed 3276K, reserved 1048576K
}
Event: 59.215 GC heap before
{Heap before GC invocations=23 (full 0):
 garbage-first heap   total 311296K, used 58835K [0x00000000c1400000, 0x0000000100000000)
  region size 1024K, 15 young (15360K), 1 survivors (1024K)
 Metaspace       used 21626K, capacity 23179K, committed 23420K, reserved 1069056K
  class space    used 2661K, capacity 3246K, committed 3276K, reserved 1048576K
}
Event: 59.233 GC heap after
{Heap after GC invocations=24 (full 0):
 garbage-first heap   total 311296K, used 47710K [0x00000000c1400000, 0x0000000100000000)
  region size 1024K, 2 young (2048K), 2 survivors (2048K)
 Metaspace       used 21626K, capacity 23179K, committed 23420K, reserved 1069056K
  class space    used 2661K, capacity 3246K, committed 3276K, reserved 1048576K
}
Event: 61.015 GC heap before
{Heap before GC invocations=24 (full 0):
 garbage-first heap   total 311296K, used 64094K [0x00000000c1400000, 0x0000000100000000)
  region size 1024K, 18 young (18432K), 2 survivors (2048K)
 Metaspace       used 23165K, capacity 24537K, committed 24828K, reserved 1071104K
  class space    used 2965K, capacity 3574K, committed 3660K, reserved 1048576K
}
Event: 61.174 GC heap after
{Heap after GC invocations=25 (full 0):
 garbage-first heap   total 311296K, used 49755K [0x00000000c1400000, 0x0000000100000000)
  region size 1024K, 3 young (3072K), 3 survivors (3072K)
 Metaspace       used 23165K, capacity 24537K, committed 24828K, reserved 1071104K
  class space    used 2965K, capacity 3574K, committed 3660K, reserved 1048576K
}
Event: 74.359 GC heap before
{Heap before GC invocations=25 (full 0):
 garbage-first heap   total 311296K, used 67163K [0x00000000c1400000, 0x0000000100000000)
  region size 1024K, 20 young (20480K), 3 survivors (3072K)
 Metaspace       used 25819K, capacity 27136K, committed 27260K, reserved 1073152K
  class space    used 3369K, capacity 3966K, committed 4044K, reserved 1048576K
}
Event: 74.393 GC heap after
{Heap after GC invocations=26 (full 0):
 garbage-first heap   total 458752K, used 50456K [0x00000000c1400000, 0x0000000100000000)
  region size 1024K, 1 young (1024K), 1 survivors (1024K)
 Metaspace       used 25819K, capacity 27136K, committed 27260K, reserved 1073152K
  class space    used 3369K, capacity 3966K, committed 4044K, reserved 1048576K
}

