# JRE version: OpenJDK Runtime Environment (11.0.21+9) (build 11.0.21+9-post-Ubuntu-0ubuntu122.04)
# Java VM: OpenJDK 64-Bit Server VM (11.0.21+9-post-Ubuntu-0ubuntu122.04, mixed mode, sharing, tiered, compressed oops, g1 gc, linux-amd64)
Heap:
 garbage-first heap   total 67584K, used 32245K [0x00000000e0000000, 0x0000000100000000)
  region size 1024K, 24 young (24576K), 4 survivors (4096K)
 Metaspace       used 10254K, capacity 10706K, committed 10880K, reserved 264192K
  class space    used 1436K, capacity 1600K, committed 1664K, reserved 253952K
GC Heap History (6 events):
Event: 1.295 GC heap before
{Heap before GC invocations=0 (full 0):
 garbage-first heap   total 67584K, used 17104K [0x00000000e0000000, 0x0000000100000000)
  region size 1024K, 14 young (14336K), 0 survivors (0K)
 Metaspace       used 2851K, capacity 5890K, committed 6144K, reserved 262144K
  class space    used 370K, capacity 666K, committed 768K, reserved 253952K
}
Event: 1.317 GC heap after
{Heap after GC invocations=1 (full 0):
 garbage-first heap   total 67584K, used 7708K [0x00000000e0000000, 0x0000000100000000)
  region size 1024K, 2 young (2048K), 2 survivors (2048K)
 Metaspace       used 2851K, capacity 5890K, committed 6144K, reserved 262144K
  class space    used 370K, capacity 666K, committed 768K, reserved 253952K
}
Event: 1.846 GC heap before
{Heap before GC invocations=1 (full 0):
 garbage-first heap   total 67584K, used 17948K [0x00000000e0000000, 0x0000000100000000)
  region size 1024K, 12 young (12288K), 2 survivors (2048K)
 Metaspace       used 3857K, capacity 6521K, committed 6784K, reserved 262144K
  class space    used 488K, capacity 769K, committed 896K, reserved 253952K
}
Event: 1.864 GC heap after
{Heap after GC invocations=2 (full 0):
 garbage-first heap   total 67584K, used 7919K [0x00000000e0000000, 0x0000000100000000)
  region size 1024K, 1 young (1024K), 1 survivors (1024K)
 Metaspace       used 3857K, capacity 6521K, committed 6784K, reserved 262144K
  class space    used 488K, capacity 769K, committed 896K, reserved 253952K
}
Event: 2.864 GC heap before
{Heap before GC invocations=2 (full 0):
 garbage-first heap   total 67584K, used 31471K [0x00000000e0000000, 0x0000000100000000)
  region size 1024K, 25 young (25600K), 1 survivors (1024K)
 Metaspace       used 5836K, capacity 7731K, committed 8064K, reserved 262144K
  class space    used 799K, capacity 1028K, committed 1152K, reserved 253952K
}
Event: 2.884 GC heap after
{Heap after GC invocations=3 (full 0):
 garbage-first heap   total 67584K, used 12789K [0x00000000e0000000, 0x0000000100000000)
  region size 1024K, 4 young (4096K), 4 survivors (4096K)
 Metaspace       used 5836K, capacity 7731K, committed 8064K, reserved 262144K
  class space    used 799K, capacity 1028K, committed 1152K, reserved 253952K
}

